<?xml version="1.0" encoding="UTF-8"?>
<!-- Generated by org.testng.reporters.JUnitXMLReporter -->
<testsuite ignored="0" hostname="DESKTOP-6M5KVK5" failures="1" tests="1" name="Test1" time="1.13" errors="0" timestamp="01 Jul 2022 10:06:23 GMT">
  <testcase classname="parallel.Parallel3" name="@AfterTest test3" time="0.0">
    <failure type="java.lang.NullPointerException" message="Cannot invoke &amp;quot;org.openqa.selenium.WebDriver.close()&amp;quot; because &amp;quot;this.driver&amp;quot; is null">
      <![CDATA[java.lang.NullPointerException: Cannot invoke "org.openqa.selenium.WebDriver.close()" because "this.driver" is null
at parallel.Parallel3.test3(Parallel3.java:32)
at java.base/java.util.concurrent.FutureTask.run(FutureTask.java:264)
at java.base/java.util.concurrent.ThreadPoolExecutor.runWorker(ThreadPoolExecutor.java:1136)
at java.base/java.util.concurrent.ThreadPoolExecutor$Worker.run(ThreadPoolExecutor.java:635)
at java.base/java.lang.Thread.run(Thread.java:833)
... Removed 15 stack frames]]>
    </failure>
  </testcase> <!-- @AfterTest test3 -->
  <testcase classname="parallel.Parallel3" name="test2" time="1.106">
    <failure type="org.openqa.selenium.SessionNotCreatedException" message="session not created: This version of ChromeDriver only supports Chrome version 101
Current browser version is 103.0.5060.66 with binary path C:\Program Files\Google\Chrome\Application\chrome.exe
Build info: version: &amp;apos;3.141.59&amp;apos;, revision: &amp;apos;e82be7d358&amp;apos;, time: &amp;apos;2018-11-14T08:17:03&amp;apos;
System info: host: &amp;apos;DESKTOP-6M5KVK5&amp;apos;, ip: &amp;apos;192.168.29.124&amp;apos;, os.name: &amp;apos;Windows 10&amp;apos;, os.arch: &amp;apos;amd64&amp;apos;, os.version: &amp;apos;10.0&amp;apos;, java.version: &amp;apos;17.0.2&amp;apos;
Driver info: driver.version: ChromeDriver
remote stacktrace: Backtrace:
	Ordinal0 [0x0039B8F3+2406643]
	Ordinal0 [0x0032AF31+1945393]
	Ordinal0 [0x0021C748+837448]
	Ordinal0 [0x0023C8B3+968883]
	Ordinal0 [0x002384BA+951482]
	Ordinal0 [0x00235D71+941425]
	Ordinal0 [0x00268EE0+1150688]
	Ordinal0 [0x00268B3A+1149754]
	Ordinal0 [0x00264096+1130646]
	Ordinal0 [0x0023E636+976438]
	Ordinal0 [0x0023F546+980294]
	GetHandleVerifier [0x00609612+2498066]
	GetHandleVerifier [0x005FC920+2445600]
	GetHandleVerifier [0x00434F2A+579370]
	GetHandleVerifier [0x00433D36+574774]
	Ordinal0 [0x00331C0B+1973259]
	Ordinal0 [0x00336688+1992328]
	Ordinal0 [0x00336775+1992565]
	Ordinal0 [0x0033F8D1+2029777]
	BaseThreadInitThunk [0x76BCFA29+25]
	RtlGetAppContainerNamedObjectPath [0x77557A9E+286]
	RtlGetAppContainerNamedObjectPath [0x77557A6E+238]
">
      <![CDATA[org.openqa.selenium.SessionNotCreatedException: session not created: This version of ChromeDriver only supports Chrome version 101
Current browser version is 103.0.5060.66 with binary path C:\Program Files\Google\Chrome\Application\chrome.exe
Build info: version: '3.141.59', revision: 'e82be7d358', time: '2018-11-14T08:17:03'
System info: host: 'DESKTOP-6M5KVK5', ip: '192.168.29.124', os.name: 'Windows 10', os.arch: 'amd64', os.version: '10.0', java.version: '17.0.2'
Driver info: driver.version: ChromeDriver
remote stacktrace: Backtrace:
Ordinal0 [0x0039B8F3+2406643]
Ordinal0 [0x0032AF31+1945393]
Ordinal0 [0x0021C748+837448]
Ordinal0 [0x0023C8B3+968883]
Ordinal0 [0x002384BA+951482]
Ordinal0 [0x00235D71+941425]
Ordinal0 [0x00268EE0+1150688]
Ordinal0 [0x00268B3A+1149754]
Ordinal0 [0x00264096+1130646]
Ordinal0 [0x0023E636+976438]
Ordinal0 [0x0023F546+980294]
GetHandleVerifier [0x00609612+2498066]
GetHandleVerifier [0x005FC920+2445600]
GetHandleVerifier [0x00434F2A+579370]
GetHandleVerifier [0x00433D36+574774]
Ordinal0 [0x00331C0B+1973259]
Ordinal0 [0x00336688+1992328]
Ordinal0 [0x00336775+1992565]
Ordinal0 [0x0033F8D1+2029777]
BaseThreadInitThunk [0x76BCFA29+25]
RtlGetAppContainerNamedObjectPath [0x77557A9E+286]
RtlGetAppContainerNamedObjectPath [0x77557A6E+238]

at org.openqa.selenium.remote.W3CHandshakeResponse.lambda$errorHandler$0(W3CHandshakeResponse.java:62)
at org.openqa.selenium.remote.HandshakeResponse.lambda$getResponseFunction$0(HandshakeResponse.java:30)
at org.openqa.selenium.remote.ProtocolHandshake.lambda$createSession$0(ProtocolHandshake.java:126)
at java.base/java.util.stream.ReferencePipeline$3$1.accept(ReferencePipeline.java:197)
at java.base/java.util.Spliterators$ArraySpliterator.tryAdvance(Spliterators.java:1002)
at java.base/java.util.stream.ReferencePipeline.forEachWithCancel(ReferencePipeline.java:129)
at java.base/java.util.stream.AbstractPipeline.copyIntoWithCancel(AbstractPipeline.java:527)
at java.base/java.util.stream.AbstractPipeline.copyInto(AbstractPipeline.java:513)
at java.base/java.util.stream.AbstractPipeline.wrapAndCopyInto(AbstractPipeline.java:499)
at java.base/java.util.stream.FindOps$FindOp.evaluateSequential(FindOps.java:150)
at java.base/java.util.stream.AbstractPipeline.evaluate(AbstractPipeline.java:234)
at java.base/java.util.stream.ReferencePipeline.findFirst(ReferencePipeline.java:647)
at org.openqa.selenium.remote.ProtocolHandshake.createSession(ProtocolHandshake.java:128)
at org.openqa.selenium.remote.ProtocolHandshake.createSession(ProtocolHandshake.java:74)
at org.openqa.selenium.remote.HttpCommandExecutor.execute(HttpCommandExecutor.java:136)
at org.openqa.selenium.remote.service.DriverCommandExecutor.execute(DriverCommandExecutor.java:83)
at org.openqa.selenium.remote.RemoteWebDriver.execute(RemoteWebDriver.java:552)
at org.openqa.selenium.remote.RemoteWebDriver.startSession(RemoteWebDriver.java:213)
at org.openqa.selenium.remote.RemoteWebDriver.<init>(RemoteWebDriver.java:131)
at org.openqa.selenium.chrome.ChromeDriver.<init>(ChromeDriver.java:181)
at org.openqa.selenium.chrome.ChromeDriver.<init>(ChromeDriver.java:168)
at org.openqa.selenium.chrome.ChromeDriver.<init>(ChromeDriver.java:123)
at parallel.Parallel3.test2(Parallel3.java:24)
at java.base/java.util.concurrent.FutureTask.run(FutureTask.java:264)
at java.base/java.util.concurrent.ThreadPoolExecutor.runWorker(ThreadPoolExecutor.java:1136)
at java.base/java.util.concurrent.ThreadPoolExecutor$Worker.run(ThreadPoolExecutor.java:635)
at java.base/java.lang.Thread.run(Thread.java:833)
... Removed 21 stack frames]]>
    </failure>
  </testcase> <!-- test2 -->
</testsuite> <!-- Test1 -->
